# sent_id = 1
# text = Cengiz Han : Cengiz Han (  " Cenghis Khan "  ,  " Çinggis Haan "  ya da doğum adıyla Temuçin ( anlamı : demirci ) , Moğolca :  " Чингис Хаан "  ya da  " Tengiz "  ( anlamı : deniz ) , ; d.1162 – ö.18 Ağustos 1227 ) , Moğol komutan , hükümdar ve Moğol İmparatorluğu'nun kurucusudur .

1	Cengiz 	_	_	_	_	_	_	_	translate=d͡ʒengiz 
2	Han 	_	_	_	_	_	_	_	translate=Han 
3	: 	_	_	_	_	_	_	_	translate= 
4	Cengiz 	_	_	_	_	_	_	_	translate=d͡ʒengiz 
5	Han 	_	_	_	_	_	_	_	translate=Han 
6	( 	_	_	_	_	_	_	_	translate= 
7	 	_	_	_	_	_	_	_	translate= 
8	" 	_	_	_	_	_	_	_	translate= 
9	Cenghis 	_	_	_	_	_	_	_	translate=d͡ʒenghis 
10	Khan 	_	_	_	_	_	_	_	translate=Khan 
11	" 	_	_	_	_	_	_	_	translate= 
12	 	_	_	_	_	_	_	_	translate= 
13	, 	_	_	_	_	_	_	_	translate= 
14	 	_	_	_	_	_	_	_	translate= 
15	" 	_	_	_	_	_	_	_	translate= 
16	Çinggis 	_	_	_	_	_	_	_	translate=tʃ͡inggis 
17	Haan 	_	_	_	_	_	_	_	translate=Haan 
18	" 	_	_	_	_	_	_	_	translate= 
19	 	_	_	_	_	_	_	_	translate= 
20	ya 	_	_	_	_	_	_	_	translate=ja 
21	da 	_	_	_	_	_	_	_	translate=da 
22	doğum 	_	_	_	_	_	_	_	translate=doʲum 
23	adıyla 	_	_	_	_	_	_	_	translate=adɯjla 
24	Temuçin 	_	_	_	_	_	_	_	translate=Temutʃ͡in 
25	( 	_	_	_	_	_	_	_	translate= 
26	anlamı 	_	_	_	_	_	_	_	translate=anlamɯ 
27	: 	_	_	_	_	_	_	_	translate= 
28	demirci 	_	_	_	_	_	_	_	translate=demiɾd͡ʒi 
29	) 	_	_	_	_	_	_	_	translate= 
30	, 	_	_	_	_	_	_	_	translate= 
31	Moğolca 	_	_	_	_	_	_	_	translate=Moʲold͡ʒa 
32	: 	_	_	_	_	_	_	_	translate= 
33	 	_	_	_	_	_	_	_	translate= 
34	" 	_	_	_	_	_	_	_	translate= 
35	Чингис 	_	_	_	_	_	_	_	translate= 
36	Хаан 	_	_	_	_	_	_	_	translate= 
37	" 	_	_	_	_	_	_	_	translate= 
38	 	_	_	_	_	_	_	_	translate= 
39	ya 	_	_	_	_	_	_	_	translate=ja 
40	da 	_	_	_	_	_	_	_	translate=da 
41	 	_	_	_	_	_	_	_	translate= 
42	" 	_	_	_	_	_	_	_	translate= 
43	Tengiz 	_	_	_	_	_	_	_	translate=Tengiz 
44	" 	_	_	_	_	_	_	_	translate= 
45	 	_	_	_	_	_	_	_	translate= 
46	( 	_	_	_	_	_	_	_	translate= 
47	anlamı 	_	_	_	_	_	_	_	translate=anlamɯ 
48	: 	_	_	_	_	_	_	_	translate= 
49	deniz 	_	_	_	_	_	_	_	translate=deniz 
50	) 	_	_	_	_	_	_	_	translate= 
51	, 	_	_	_	_	_	_	_	translate= 
52	; 	_	_	_	_	_	_	_	translate= 
53	d.1162 	_	_	_	_	_	_	_	translate=d 
54	– 	_	_	_	_	_	_	_	translate= 
55	ö.18 	_	_	_	_	_	_	_	translate=ø 
56	Ağustos 	_	_	_	_	_	_	_	translate=Aʲustos 
57	1227 	_	_	_	_	_	_	_	translate= 
58	) 	_	_	_	_	_	_	_	translate= 
59	, 	_	_	_	_	_	_	_	translate= 
60	Moğol 	_	_	_	_	_	_	_	translate=Moʲol 
61	komutan 	_	_	_	_	_	_	_	translate=komutan 
62	, 	_	_	_	_	_	_	_	translate= 
63	hükümdar 	_	_	_	_	_	_	_	translate=hykymdaɾ 
64	ve 	_	_	_	_	_	_	_	translate=ve 
65	Moğol 	_	_	_	_	_	_	_	translate=Moʲol 
66	İmparatorluğu'nun 	_	_	_	_	_	_	_	translate=İmpaɾatoɾluʲunun 
67	kurucusudur 	_	_	_	_	_	_	_	translate=kuɾud͡ʒusuduɾ 
68	. 	_	_	_	_	_	_	_	translate= 
# sent_id = 2
# text = Cengiz Han , 13 .

1	Cengiz 	_	_	_	_	_	_	_	translate=d͡ʒengiz 
2	Han 	_	_	_	_	_	_	_	translate=Han 
3	, 	_	_	_	_	_	_	_	translate= 
4	13 	_	_	_	_	_	_	_	translate= 
5	. 	_	_	_	_	_	_	_	translate= 
# sent_id = 3
# text = Yüzyılın başında Orta Asya'daki tüm göçebe bozkır kavimlerini birleştirerek bir ulus haline getirdi ve o ulusu  " Moğol "  siyasi kimliği çatısı altında topladı .

1	Yüzyılın 	_	_	_	_	_	_	_	translate=jyzjɯlɯn 
2	başında 	_	_	_	_	_	_	_	translate=Baɾɯnda 
3	Orta 	_	_	_	_	_	_	_	translate=Oɾta 
4	Asya'daki 	_	_	_	_	_	_	_	translate=Asjadaki 
5	tüm 	_	_	_	_	_	_	_	translate=tym 
6	göçebe 	_	_	_	_	_	_	_	translate=gøtʃ͡eBe 
7	bozkır 	_	_	_	_	_	_	_	translate=Bozkɯɾ 
8	kavimlerini 	_	_	_	_	_	_	_	translate=kavimleɾini 
9	birleştirerek 	_	_	_	_	_	_	_	translate=Biɾleɾtiɾeɾek 
10	bir 	_	_	_	_	_	_	_	translate=Biɾ 
11	ulus 	_	_	_	_	_	_	_	translate=ulus 
12	haline 	_	_	_	_	_	_	_	translate=haline 
13	getirdi 	_	_	_	_	_	_	_	translate=getiɾdi 
14	ve 	_	_	_	_	_	_	_	translate=ve 
15	o 	_	_	_	_	_	_	_	translate=o 
16	ulusu 	_	_	_	_	_	_	_	translate=ulusu 
17	 	_	_	_	_	_	_	_	translate= 
18	" 	_	_	_	_	_	_	_	translate= 
19	Moğol 	_	_	_	_	_	_	_	translate=Moʲol 
20	" 	_	_	_	_	_	_	_	translate= 
21	 	_	_	_	_	_	_	_	translate= 
22	siyasi 	_	_	_	_	_	_	_	translate=sijasi 
23	kimliği 	_	_	_	_	_	_	_	translate=kimliʲi 
24	çatısı 	_	_	_	_	_	_	_	translate=tʃ͡atɯsɯ 
25	altında 	_	_	_	_	_	_	_	translate=altɯnda 
26	topladı 	_	_	_	_	_	_	_	translate=topladɯ 
27	. 	_	_	_	_	_	_	_	translate= 
# sent_id = 4
# text = Dünya tarihinin en büyük askeri dehalarından biri olarak kabul edilen Cengiz Han , hükümdarlığı döneminde 1206-1227 arasında Kuzey Çin'deki Batı Xia ve Jin Hanedanı , Türkistan'daki Kara Hıtay , Maveraünnehir , Harezm , Horasan ve İran'daki Harzemşahlar ile Kafkasya'da Gürcüler , Deşt-i Kıpçak'taki Rus Knezlikleri ve Kıpçaklar ile İdil Bulgarları üzerine gerçekleştirilen seferler sonucunda Pasifik Okyanusu'ndan Hazar Denizi’ne ve Karadeniz'in kuzeyine kadar uzanan bir imparatorluk kurdu.

1	Dünya 	_	_	_	_	_	_	_	translate=Dynja 
2	tarihinin 	_	_	_	_	_	_	_	translate=taɾihinin 
3	en 	_	_	_	_	_	_	_	translate=en 
4	büyük 	_	_	_	_	_	_	_	translate=Byjyk 
5	askeri 	_	_	_	_	_	_	_	translate=askeɾi 
6	dehalarından 	_	_	_	_	_	_	_	translate=dehalaɾɯndan 
7	biri 	_	_	_	_	_	_	_	translate=Biɾi 
8	olarak 	_	_	_	_	_	_	_	translate=olaɾak 
9	kabul 	_	_	_	_	_	_	_	translate=kaBul 
10	edilen 	_	_	_	_	_	_	_	translate=edilen 
11	Cengiz 	_	_	_	_	_	_	_	translate=d͡ʒengiz 
12	Han 	_	_	_	_	_	_	_	translate=Han 
13	, 	_	_	_	_	_	_	_	translate= 
14	hükümdarlığı 	_	_	_	_	_	_	_	translate=hykymdaɾlɯʲɯ 
15	döneminde 	_	_	_	_	_	_	_	translate=døneminde 
16	1206-1227 	_	_	_	_	_	_	_	translate= 
17	arasında 	_	_	_	_	_	_	_	translate=aɾasɯnda 
18	Kuzey 	_	_	_	_	_	_	_	translate=Kuzej 
19	Çin'deki 	_	_	_	_	_	_	_	translate=tʃ͡indeki 
20	Batı 	_	_	_	_	_	_	_	translate=atɯ 
21	Xia 	_	_	_	_	_	_	_	translate=ia 
22	ve 	_	_	_	_	_	_	_	translate=ve 
23	Jin 	_	_	_	_	_	_	_	translate=ʒin 
24	Hanedanı 	_	_	_	_	_	_	_	translate=Hanedanɯ 
25	, 	_	_	_	_	_	_	_	translate= 
26	Türkistan'daki 	_	_	_	_	_	_	_	translate=Tyɾkistandaki 
27	Kara 	_	_	_	_	_	_	_	translate=Kaɾa 
28	Hıtay 	_	_	_	_	_	_	_	translate=Hɯtaj 
29	, 	_	_	_	_	_	_	_	translate= 
30	Maveraünnehir 	_	_	_	_	_	_	_	translate=Maveɾaynnehiɾ 
31	, 	_	_	_	_	_	_	_	translate= 
32	Harezm 	_	_	_	_	_	_	_	translate=Haɾezm 
33	, 	_	_	_	_	_	_	_	translate= 
34	Horasan 	_	_	_	_	_	_	_	translate=Hoɾasan 
35	ve 	_	_	_	_	_	_	_	translate=ve 
36	İran'daki 	_	_	_	_	_	_	_	translate=İɾandaki 
37	Harzemşahlar 	_	_	_	_	_	_	_	translate=Haɾzemɾahlaɾ 
38	ile 	_	_	_	_	_	_	_	translate=ile 
39	Kafkasya'da 	_	_	_	_	_	_	_	translate=Kafkasjada 
40	Gürcüler 	_	_	_	_	_	_	_	translate=Gyɾd͡ʒyleɾ 
41	, 	_	_	_	_	_	_	_	translate= 
42	Deşt-i 	_	_	_	_	_	_	_	translate=Deɾti 
43	Kıpçak'taki 	_	_	_	_	_	_	_	translate=Kɯptʃ͡aktaki 
44	Rus 	_	_	_	_	_	_	_	translate=ɾus 
45	Knezlikleri 	_	_	_	_	_	_	_	translate=Knezlikleɾi 
46	ve 	_	_	_	_	_	_	_	translate=ve 
47	Kıpçaklar 	_	_	_	_	_	_	_	translate=Kɯptʃ͡aklaɾ 
48	ile 	_	_	_	_	_	_	_	translate=ile 
49	İdil 	_	_	_	_	_	_	_	translate=İdil 
50	Bulgarları 	_	_	_	_	_	_	_	translate=ulgaɾlaɾɯ 
51	üzerine 	_	_	_	_	_	_	_	translate=yzeɾine 
52	gerçekleştirilen 	_	_	_	_	_	_	_	translate=geɾtʃ͡ekleɾtiɾilen 
53	seferler 	_	_	_	_	_	_	_	translate=sefeɾleɾ 
54	sonucunda 	_	_	_	_	_	_	_	translate=sonud͡ʒunda 
55	Pasifik 	_	_	_	_	_	_	_	translate=Pasifik 
56	Okyanusu'ndan 	_	_	_	_	_	_	_	translate=Okjanusundan 
57	Hazar 	_	_	_	_	_	_	_	translate=Hazaɾ 
58	Denizi’ne 	_	_	_	_	_	_	_	translate=Denizine 
59	ve 	_	_	_	_	_	_	_	translate=ve 
60	Karadeniz'in 	_	_	_	_	_	_	_	translate=Kaɾadenizin 
61	kuzeyine 	_	_	_	_	_	_	_	translate=kuzejine 
62	kadar 	_	_	_	_	_	_	_	translate=kadaɾ 
63	uzanan 	_	_	_	_	_	_	_	translate=uzanan 
64	bir 	_	_	_	_	_	_	_	translate=Biɾ 
65	imparatorluk 	_	_	_	_	_	_	_	translate=impaɾatoɾluk 
66	kurdu. 	_	_	_	_	_	_	_	translate=kuɾdu 
# sent_id = 5
# text = Bozkır geleneğinden gelen onlu teşkilatı kullanarak Meritokratik ( liyâkata bağlı ) bir ordu meydana getiren Cengiz Han’ın büyük bir asker olarak ün kazanmasının temelinde , kurduğu posta teşkilatı ve casus ağı ile istihbarat sanatına verdiği büyük değer önemli bir yer tutar .

1	Bozkır 	_	_	_	_	_	_	_	translate=ozkɯɾ 
2	geleneğinden 	_	_	_	_	_	_	_	translate=geleneʲinden 
3	gelen 	_	_	_	_	_	_	_	translate=gelen 
4	onlu 	_	_	_	_	_	_	_	translate=onlu 
5	teşkilatı 	_	_	_	_	_	_	_	translate=teɾkilatɯ 
6	kullanarak 	_	_	_	_	_	_	_	translate=kullanaɾak 
7	Meritokratik 	_	_	_	_	_	_	_	translate=Meɾitokɾatik 
8	( 	_	_	_	_	_	_	_	translate= 
9	liyâkata 	_	_	_	_	_	_	_	translate=lijkata 
10	bağlı 	_	_	_	_	_	_	_	translate=Baʲlɯ 
11	) 	_	_	_	_	_	_	_	translate= 
12	bir 	_	_	_	_	_	_	_	translate=Biɾ 
13	ordu 	_	_	_	_	_	_	_	translate=oɾdu 
14	meydana 	_	_	_	_	_	_	_	translate=mejdana 
15	getiren 	_	_	_	_	_	_	_	translate=getiɾen 
16	Cengiz 	_	_	_	_	_	_	_	translate=d͡ʒengiz 
17	Han’ın 	_	_	_	_	_	_	_	translate=Hanɯn 
18	büyük 	_	_	_	_	_	_	_	translate=Byjyk 
19	bir 	_	_	_	_	_	_	_	translate=Biɾ 
20	asker 	_	_	_	_	_	_	_	translate=askeɾ 
21	olarak 	_	_	_	_	_	_	_	translate=olaɾak 
22	ün 	_	_	_	_	_	_	_	translate=yn 
23	kazanmasının 	_	_	_	_	_	_	_	translate=kazanmasɯnɯn 
24	temelinde 	_	_	_	_	_	_	_	translate=temelinde 
25	, 	_	_	_	_	_	_	_	translate= 
26	kurduğu 	_	_	_	_	_	_	_	translate=kuɾduʲu 
27	posta 	_	_	_	_	_	_	_	translate=posta 
28	teşkilatı 	_	_	_	_	_	_	_	translate=teɾkilatɯ 
29	ve 	_	_	_	_	_	_	_	translate=ve 
30	casus 	_	_	_	_	_	_	_	translate=d͡ʒasus 
31	ağı 	_	_	_	_	_	_	_	translate=aʲɯ 
32	ile 	_	_	_	_	_	_	_	translate=ile 
33	istihbarat 	_	_	_	_	_	_	_	translate=istihBaɾat 
34	sanatına 	_	_	_	_	_	_	_	translate=sanatɯna 
35	verdiği 	_	_	_	_	_	_	_	translate=veɾdiʲi 
36	büyük 	_	_	_	_	_	_	_	translate=Byjyk 
37	değer 	_	_	_	_	_	_	_	translate=deʲeɾ 
38	önemli 	_	_	_	_	_	_	_	translate=ønemli 
39	bir 	_	_	_	_	_	_	_	translate=Biɾ 
40	yer 	_	_	_	_	_	_	_	translate=jeɾ 
41	tutar 	_	_	_	_	_	_	_	translate=tutaɾ 
42	. 	_	_	_	_	_	_	_	translate= 
# sent_id = 6
# text = Seferleri sonucunda , pek çok şehir tahrip olmuş ve milyonlarca insan da katledilmişti ancak  " Cengiz Han Yasası "  adı ile metinleştirilen kurallar ile işkenceyi yasaklayıp , zanaatkarlar , doktorlar , belli bilgi becerisi olan eğitimli kişiler ve her dinden din adamlarına , hangi milletten olursa olsun aralarında bir ayrım yapılmaksızın saygı gösterilmesi ve vergiden muaf tutulmalarını kanunlaştırmıştır Cengiz Han , halkının yazıya sahip olmasını sağlamak için Uygurlardan önemli bahşıları başkenti Karakurum’a çağırmış ve Moğolca için Uygur alfabesini uyarlatarak bunu çocuklarına da öğretmesini istemiştir . 1227 yılında Kuzey Çin'deki Tangutlar üzerine çıktığı sefer esnasında rahatsızlanarak hayatını kaybetti .

1	Seferleri 	_	_	_	_	_	_	_	translate=Sefeɾleɾi 
2	sonucunda 	_	_	_	_	_	_	_	translate=sonud͡ʒunda 
3	, 	_	_	_	_	_	_	_	translate= 
4	pek 	_	_	_	_	_	_	_	translate=pek 
5	çok 	_	_	_	_	_	_	_	translate=tʃ͡ok 
6	şehir 	_	_	_	_	_	_	_	translate=ɾehiɾ 
7	tahrip 	_	_	_	_	_	_	_	translate=tahɾip 
8	olmuş 	_	_	_	_	_	_	_	translate=olmuɾ 
9	ve 	_	_	_	_	_	_	_	translate=ve 
10	milyonlarca 	_	_	_	_	_	_	_	translate=miljonlaɾd͡ʒa 
11	insan 	_	_	_	_	_	_	_	translate=insan 
12	da 	_	_	_	_	_	_	_	translate=da 
13	katledilmişti 	_	_	_	_	_	_	_	translate=katledilmiɾti 
14	ancak 	_	_	_	_	_	_	_	translate=and͡ʒak 
15	 	_	_	_	_	_	_	_	translate= 
16	" 	_	_	_	_	_	_	_	translate= 
17	Cengiz 	_	_	_	_	_	_	_	translate=d͡ʒengiz 
18	Han 	_	_	_	_	_	_	_	translate=Han 
19	Yasası 	_	_	_	_	_	_	_	translate=jasasɯ 
20	" 	_	_	_	_	_	_	_	translate= 
21	 	_	_	_	_	_	_	_	translate= 
22	adı 	_	_	_	_	_	_	_	translate=adɯ 
23	ile 	_	_	_	_	_	_	_	translate=ile 
24	metinleştirilen 	_	_	_	_	_	_	_	translate=metinleɾtiɾilen 
25	kurallar 	_	_	_	_	_	_	_	translate=kuɾallaɾ 
26	ile 	_	_	_	_	_	_	_	translate=ile 
27	işkenceyi 	_	_	_	_	_	_	_	translate=iɾkend͡ʒeji 
28	yasaklayıp 	_	_	_	_	_	_	_	translate=jasaklajɯp 
29	, 	_	_	_	_	_	_	_	translate= 
30	zanaatkarlar 	_	_	_	_	_	_	_	translate=zanaatkaɾlaɾ 
31	, 	_	_	_	_	_	_	_	translate= 
32	doktorlar 	_	_	_	_	_	_	_	translate=doktoɾlaɾ 
33	, 	_	_	_	_	_	_	_	translate= 
34	belli 	_	_	_	_	_	_	_	translate=Belli 
35	bilgi 	_	_	_	_	_	_	_	translate=Bilgi 
36	becerisi 	_	_	_	_	_	_	_	translate=Bed͡ʒeɾisi 
37	olan 	_	_	_	_	_	_	_	translate=olan 
38	eğitimli 	_	_	_	_	_	_	_	translate=eʲitimli 
39	kişiler 	_	_	_	_	_	_	_	translate=kiɾileɾ 
40	ve 	_	_	_	_	_	_	_	translate=ve 
41	her 	_	_	_	_	_	_	_	translate=heɾ 
42	dinden 	_	_	_	_	_	_	_	translate=dinden 
43	din 	_	_	_	_	_	_	_	translate=din 
44	adamlarına 	_	_	_	_	_	_	_	translate=adamlaɾɯna 
45	, 	_	_	_	_	_	_	_	translate= 
46	hangi 	_	_	_	_	_	_	_	translate=hangi 
47	milletten 	_	_	_	_	_	_	_	translate=milletten 
48	olursa 	_	_	_	_	_	_	_	translate=oluɾsa 
49	olsun 	_	_	_	_	_	_	_	translate=olsun 
50	aralarında 	_	_	_	_	_	_	_	translate=aɾalaɾɯnda 
51	bir 	_	_	_	_	_	_	_	translate=Biɾ 
52	ayrım 	_	_	_	_	_	_	_	translate=ajɾɯm 
53	yapılmaksızın 	_	_	_	_	_	_	_	translate=japɯlmaksɯzɯn 
54	saygı 	_	_	_	_	_	_	_	translate=sajgɯ 
55	gösterilmesi 	_	_	_	_	_	_	_	translate=gøsteɾilmesi 
56	ve 	_	_	_	_	_	_	_	translate=ve 
57	vergiden 	_	_	_	_	_	_	_	translate=veɾgiden 
58	muaf 	_	_	_	_	_	_	_	translate=muaf 
59	tutulmalarını 	_	_	_	_	_	_	_	translate=tutulmalaɾɯnɯ 
60	kanunlaştırmıştır 	_	_	_	_	_	_	_	translate=kanunlaɾtɯɾmɯɾtɯɾ 
61	Cengiz 	_	_	_	_	_	_	_	translate=d͡ʒengiz 
62	Han 	_	_	_	_	_	_	_	translate=Han 
63	, 	_	_	_	_	_	_	_	translate= 
64	halkının 	_	_	_	_	_	_	_	translate=halkɯnɯn 
65	yazıya 	_	_	_	_	_	_	_	translate=jazɯja 
66	sahip 	_	_	_	_	_	_	_	translate=sahip 
67	olmasını 	_	_	_	_	_	_	_	translate=olmasɯnɯ 
68	sağlamak 	_	_	_	_	_	_	_	translate=saʲlamak 
69	için 	_	_	_	_	_	_	_	translate=itʃ͡in 
70	Uygurlardan 	_	_	_	_	_	_	_	translate=Ujguɾlaɾdan 
71	önemli 	_	_	_	_	_	_	_	translate=ønemli 
72	bahşıları 	_	_	_	_	_	_	_	translate=Bahɾɯlaɾɯ 
73	başkenti 	_	_	_	_	_	_	_	translate=Baɾkenti 
74	Karakurum’a 	_	_	_	_	_	_	_	translate=Kaɾakuɾuma 
75	çağırmış 	_	_	_	_	_	_	_	translate=tʃ͡aʲɯɾmɯɾ 
76	ve 	_	_	_	_	_	_	_	translate=ve 
77	Moğolca 	_	_	_	_	_	_	_	translate=Moʲold͡ʒa 
78	için 	_	_	_	_	_	_	_	translate=itʃ͡in 
79	Uygur 	_	_	_	_	_	_	_	translate=Ujguɾ 
80	alfabesini 	_	_	_	_	_	_	_	translate=alfaBesini 
81	uyarlatarak 	_	_	_	_	_	_	_	translate=ujaɾlataɾak 
82	bunu 	_	_	_	_	_	_	_	translate=Bunu 
83	çocuklarına 	_	_	_	_	_	_	_	translate=tʃ͡od͡ʒuklaɾɯna 
84	da 	_	_	_	_	_	_	_	translate=da 
85	öğretmesini 	_	_	_	_	_	_	_	translate=øʲɾetmesini 
86	istemiştir 	_	_	_	_	_	_	_	translate=istemiɾtiɾ 
87	. 	_	_	_	_	_	_	_	translate= 
88	1227 	_	_	_	_	_	_	_	translate= 
89	yılında 	_	_	_	_	_	_	_	translate=jɯlɯnda 
90	Kuzey 	_	_	_	_	_	_	_	translate=Kuzej 
91	Çin'deki 	_	_	_	_	_	_	_	translate=tʃ͡indeki 
92	Tangutlar 	_	_	_	_	_	_	_	translate=Tangutlaɾ 
93	üzerine 	_	_	_	_	_	_	_	translate=yzeɾine 
94	çıktığı 	_	_	_	_	_	_	_	translate=tʃ͡ɯktɯʲɯ 
95	sefer 	_	_	_	_	_	_	_	translate=sefeɾ 
96	esnasında 	_	_	_	_	_	_	_	translate=esnasɯnda 
97	rahatsızlanarak 	_	_	_	_	_	_	_	translate=ɾahatsɯzlanaɾak 
98	hayatını 	_	_	_	_	_	_	_	translate=hajatɯnɯ 
99	kaybetti 	_	_	_	_	_	_	_	translate=kajBetti 
100	. 	_	_	_	_	_	_	_	translate= 
# sent_id = 7
# text = Kurmuş olduğu imparatorluk günümüzde Rusya hariç tüm ülkelerden daha geniş topraklar üzerine yayılmış vaziyette olup ölümünden sonra , oğulları ve torunları döneminde daha da genişleyerek , insanlık tarihinin gördüğü bitişik sınırlara sahip en büyük imparatorluk haline geldi.

1	Kurmuş 	_	_	_	_	_	_	_	translate=Kuɾmuɾ 
2	olduğu 	_	_	_	_	_	_	_	translate=olduʲu 
3	imparatorluk 	_	_	_	_	_	_	_	translate=impaɾatoɾluk 
4	günümüzde 	_	_	_	_	_	_	_	translate=gynymyzde 
5	Rusya 	_	_	_	_	_	_	_	translate=ɾusja 
6	hariç 	_	_	_	_	_	_	_	translate=haɾitʃ͡ 
7	tüm 	_	_	_	_	_	_	_	translate=tym 
8	ülkelerden 	_	_	_	_	_	_	_	translate=ylkeleɾden 
9	daha 	_	_	_	_	_	_	_	translate=daha 
10	geniş 	_	_	_	_	_	_	_	translate=geniɾ 
11	topraklar 	_	_	_	_	_	_	_	translate=topɾaklaɾ 
12	üzerine 	_	_	_	_	_	_	_	translate=yzeɾine 
13	yayılmış 	_	_	_	_	_	_	_	translate=jajɯlmɯɾ 
14	vaziyette 	_	_	_	_	_	_	_	translate=vazijette 
15	olup 	_	_	_	_	_	_	_	translate=olup 
16	ölümünden 	_	_	_	_	_	_	_	translate=ølymynden 
17	sonra 	_	_	_	_	_	_	_	translate=sonɾa 
18	, 	_	_	_	_	_	_	_	translate= 
19	oğulları 	_	_	_	_	_	_	_	translate=oʲullaɾɯ 
20	ve 	_	_	_	_	_	_	_	translate=ve 
21	torunları 	_	_	_	_	_	_	_	translate=toɾunlaɾɯ 
22	döneminde 	_	_	_	_	_	_	_	translate=døneminde 
23	daha 	_	_	_	_	_	_	_	translate=daha 
24	da 	_	_	_	_	_	_	_	translate=da 
25	genişleyerek 	_	_	_	_	_	_	_	translate=geniɾlejeɾek 
26	, 	_	_	_	_	_	_	_	translate= 
27	insanlık 	_	_	_	_	_	_	_	translate=insanlɯk 
28	tarihinin 	_	_	_	_	_	_	_	translate=taɾihinin 
29	gördüğü 	_	_	_	_	_	_	_	translate=gøɾdyʲy 
30	bitişik 	_	_	_	_	_	_	_	translate=Bitiɾik 
31	sınırlara 	_	_	_	_	_	_	_	translate=sɯnɯɾlaɾa 
32	sahip 	_	_	_	_	_	_	_	translate=sahip 
33	en 	_	_	_	_	_	_	_	translate=en 
34	büyük 	_	_	_	_	_	_	_	translate=Byjyk 
35	imparatorluk 	_	_	_	_	_	_	_	translate=impaɾatoɾluk 
36	haline 	_	_	_	_	_	_	_	translate=haline 
37	geldi. 	_	_	_	_	_	_	_	translate=geldi 
# sent_id = 8
# text = Cengiz Han'ın ataları ve kökleri.

1	Cengiz 	_	_	_	_	_	_	_	translate=d͡ʒengiz 
2	Han'ın 	_	_	_	_	_	_	_	translate=Hanɯn 
3	ataları 	_	_	_	_	_	_	_	translate=atalaɾɯ 
4	ve 	_	_	_	_	_	_	_	translate=ve 
5	kökleri. 	_	_	_	_	_	_	_	translate=køkleɾi 
# sent_id = 9
# text = Cengiz Han’ın şeceresi yarı mitolojik bir şekilde sis perdesi arkasındadır .

1	Cengiz 	_	_	_	_	_	_	_	translate=d͡ʒengiz 
2	Han’ın 	_	_	_	_	_	_	_	translate=Hanɯn 
3	şeceresi 	_	_	_	_	_	_	_	translate=ɾed͡ʒeɾesi 
4	yarı 	_	_	_	_	_	_	_	translate=jaɾɯ 
5	mitolojik 	_	_	_	_	_	_	_	translate=mitoloʒik 
6	bir 	_	_	_	_	_	_	_	translate=Biɾ 
7	şekilde 	_	_	_	_	_	_	_	translate=ɾekilde 
8	sis 	_	_	_	_	_	_	_	translate=sis 
9	perdesi 	_	_	_	_	_	_	_	translate=peɾdesi 
10	arkasındadır 	_	_	_	_	_	_	_	translate=aɾkasɯndadɯɾ 
11	. 	_	_	_	_	_	_	_	translate= 
# sent_id = 10
# text = Onun atalarının ve kendisinin doğuş efsanesi , Moğol mitolojisinin önemli belgelerindendir .

1	Onun 	_	_	_	_	_	_	_	translate=Onun 
2	atalarının 	_	_	_	_	_	_	_	translate=atalaɾɯnɯn 
3	ve 	_	_	_	_	_	_	_	translate=ve 
4	kendisinin 	_	_	_	_	_	_	_	translate=kendisinin 
5	doğuş 	_	_	_	_	_	_	_	translate=doʲuɾ 
6	efsanesi 	_	_	_	_	_	_	_	translate=efsanesi 
7	, 	_	_	_	_	_	_	_	translate= 
8	Moğol 	_	_	_	_	_	_	_	translate=Moʲol 
9	mitolojisinin 	_	_	_	_	_	_	_	translate=mitoloʒisinin 
10	önemli 	_	_	_	_	_	_	_	translate=ønemli 
11	belgelerindendir 	_	_	_	_	_	_	_	translate=Belgeleɾindendiɾ 
12	. 	_	_	_	_	_	_	_	translate= 
# sent_id = 11
# text = Yazılış tarihi itibarı ile Cengiz Han’ın yaşadığı döneme en yakın olanı Şamanizm etkilerinin görüldüğü , 1240 yılında Moğolca olarak kaleme alınmış olan Moğolların Gizli Tarihi adlı esere göre Cengiz Han’dan 10 nesil önce yaşayan Alangoya , Cengiz Han soyunun efsanevi büyük annesi olarak kabul edilmiştir .

1	Yazılış 	_	_	_	_	_	_	_	translate=jazɯlɯɾ 
2	tarihi 	_	_	_	_	_	_	_	translate=taɾihi 
3	itibarı 	_	_	_	_	_	_	_	translate=itiBaɾɯ 
4	ile 	_	_	_	_	_	_	_	translate=ile 
5	Cengiz 	_	_	_	_	_	_	_	translate=d͡ʒengiz 
6	Han’ın 	_	_	_	_	_	_	_	translate=Hanɯn 
7	yaşadığı 	_	_	_	_	_	_	_	translate=jaɾadɯʲɯ 
8	döneme 	_	_	_	_	_	_	_	translate=døneme 
9	en 	_	_	_	_	_	_	_	translate=en 
10	yakın 	_	_	_	_	_	_	_	translate=jakɯn 
11	olanı 	_	_	_	_	_	_	_	translate=olanɯ 
12	Şamanizm 	_	_	_	_	_	_	_	translate=ɾamanizm 
13	etkilerinin 	_	_	_	_	_	_	_	translate=etkileɾinin 
14	görüldüğü 	_	_	_	_	_	_	_	translate=gøɾyldyʲy 
15	, 	_	_	_	_	_	_	_	translate= 
16	1240 	_	_	_	_	_	_	_	translate= 
17	yılında 	_	_	_	_	_	_	_	translate=jɯlɯnda 
18	Moğolca 	_	_	_	_	_	_	_	translate=Moʲold͡ʒa 
19	olarak 	_	_	_	_	_	_	_	translate=olaɾak 
20	kaleme 	_	_	_	_	_	_	_	translate=kaleme 
21	alınmış 	_	_	_	_	_	_	_	translate=alɯnmɯɾ 
22	olan 	_	_	_	_	_	_	_	translate=olan 
23	Moğolların 	_	_	_	_	_	_	_	translate=Moʲollaɾɯn 
24	Gizli 	_	_	_	_	_	_	_	translate=Gizli 
25	Tarihi 	_	_	_	_	_	_	_	translate=Taɾihi 
26	adlı 	_	_	_	_	_	_	_	translate=adlɯ 
27	esere 	_	_	_	_	_	_	_	translate=eseɾe 
28	göre 	_	_	_	_	_	_	_	translate=gøɾe 
29	Cengiz 	_	_	_	_	_	_	_	translate=d͡ʒengiz 
30	Han’dan 	_	_	_	_	_	_	_	translate=Handan 
31	10 	_	_	_	_	_	_	_	translate= 
32	nesil 	_	_	_	_	_	_	_	translate=nesil 
33	önce 	_	_	_	_	_	_	_	translate=ønd͡ʒe 
34	yaşayan 	_	_	_	_	_	_	_	translate=jaɾajan 
35	Alangoya 	_	_	_	_	_	_	_	translate=Alangoja 
36	, 	_	_	_	_	_	_	_	translate= 
37	Cengiz 	_	_	_	_	_	_	_	translate=d͡ʒengiz 
38	Han 	_	_	_	_	_	_	_	translate=Han 
39	soyunun 	_	_	_	_	_	_	_	translate=sojunun 
40	efsanevi 	_	_	_	_	_	_	_	translate=efsanevi 
41	büyük 	_	_	_	_	_	_	_	translate=Byjyk 
42	annesi 	_	_	_	_	_	_	_	translate=annesi 
43	olarak 	_	_	_	_	_	_	_	translate=olaɾak 
44	kabul 	_	_	_	_	_	_	_	translate=kaBul 
45	edilmiştir 	_	_	_	_	_	_	_	translate=edilmiɾtiɾ 
46	. 	_	_	_	_	_	_	_	translate= 
# sent_id = 12
# text = Moğolların Gizli Tarihinde yer alan efsaneye göre Alangoya dul kaldıktan sonra evlenmediği halde üç oğlu daha olmuştur .

1	Moğolların 	_	_	_	_	_	_	_	translate=Moʲollaɾɯn 
2	Gizli 	_	_	_	_	_	_	_	translate=Gizli 
3	Tarihinde 	_	_	_	_	_	_	_	translate=Taɾihinde 
4	yer 	_	_	_	_	_	_	_	translate=jeɾ 
5	alan 	_	_	_	_	_	_	_	translate=alan 
6	efsaneye 	_	_	_	_	_	_	_	translate=efsaneje 
7	göre 	_	_	_	_	_	_	_	translate=gøɾe 
8	Alangoya 	_	_	_	_	_	_	_	translate=Alangoja 
9	dul 	_	_	_	_	_	_	_	translate=dul 
10	kaldıktan 	_	_	_	_	_	_	_	translate=kaldɯktan 
11	sonra 	_	_	_	_	_	_	_	translate=sonɾa 
12	evlenmediği 	_	_	_	_	_	_	_	translate=evlenmediʲi 
13	halde 	_	_	_	_	_	_	_	translate=halde 
14	üç 	_	_	_	_	_	_	_	translate=ytʃ͡ 
15	oğlu 	_	_	_	_	_	_	_	translate=oʲlu 
16	daha 	_	_	_	_	_	_	_	translate=daha 
17	olmuştur 	_	_	_	_	_	_	_	translate=olmuɾtuɾ 
18	. 	_	_	_	_	_	_	_	translate= 
# sent_id = 13
# text = Cengiz Han ve onun mensup olduğu Börçiginler bu çocuklardan “Bodoncar” adlı en küçük olanının soyundan gelmektedir .

1	Cengiz 	_	_	_	_	_	_	_	translate=d͡ʒengiz 
2	Han 	_	_	_	_	_	_	_	translate=Han 
3	ve 	_	_	_	_	_	_	_	translate=ve 
4	onun 	_	_	_	_	_	_	_	translate=onun 
5	mensup 	_	_	_	_	_	_	_	translate=mensup 
6	olduğu 	_	_	_	_	_	_	_	translate=olduʲu 
7	Börçiginler 	_	_	_	_	_	_	_	translate=øɾtʃ͡iginleɾ 
8	bu 	_	_	_	_	_	_	_	translate=Bu 
9	çocuklardan 	_	_	_	_	_	_	_	translate=tʃ͡od͡ʒuklaɾdan 
10	“Bodoncar” 	_	_	_	_	_	_	_	translate=odond͡ʒaɾ 
11	adlı 	_	_	_	_	_	_	_	translate=adlɯ 
12	en 	_	_	_	_	_	_	_	translate=en 
13	küçük 	_	_	_	_	_	_	_	translate=kytʃ͡yk 
14	olanının 	_	_	_	_	_	_	_	translate=olanɯnɯn 
15	soyundan 	_	_	_	_	_	_	_	translate=sojundan 
16	gelmektedir 	_	_	_	_	_	_	_	translate=gelmektediɾ 
17	. 	_	_	_	_	_	_	_	translate= 
# sent_id = 14
# text = Alangoya efsanesi yalnızca Cengiz Han’ı değil onunla birlikte “Nirun” yani ışığın çocukları adı verilen bir yığın boyu ilgilendirse de Cengiz Han soyunun en büyük efsanesi olarak kabul edilmiştir .

1	Alangoya 	_	_	_	_	_	_	_	translate=Alangoja 
2	efsanesi 	_	_	_	_	_	_	_	translate=efsanesi 
3	yalnızca 	_	_	_	_	_	_	_	translate=jalnɯzd͡ʒa 
4	Cengiz 	_	_	_	_	_	_	_	translate=d͡ʒengiz 
5	Han’ı 	_	_	_	_	_	_	_	translate=Hanɯ 
6	değil 	_	_	_	_	_	_	_	translate=deʲil 
7	onunla 	_	_	_	_	_	_	_	translate=onunla 
8	birlikte 	_	_	_	_	_	_	_	translate=Biɾlikte 
9	“Nirun” 	_	_	_	_	_	_	_	translate=Niɾun 
10	yani 	_	_	_	_	_	_	_	translate=jani 
11	ışığın 	_	_	_	_	_	_	_	translate=ɯɾɯʲɯn 
12	çocukları 	_	_	_	_	_	_	_	translate=tʃ͡od͡ʒuklaɾɯ 
13	adı 	_	_	_	_	_	_	_	translate=adɯ 
14	verilen 	_	_	_	_	_	_	_	translate=veɾilen 
15	bir 	_	_	_	_	_	_	_	translate=Biɾ 
16	yığın 	_	_	_	_	_	_	_	translate=jɯʲɯn 
17	boyu 	_	_	_	_	_	_	_	translate=Boju 
18	ilgilendirse 	_	_	_	_	_	_	_	translate=ilgilendiɾse 
19	de 	_	_	_	_	_	_	_	translate=de 
20	Cengiz 	_	_	_	_	_	_	_	translate=d͡ʒengiz 
21	Han 	_	_	_	_	_	_	_	translate=Han 
22	soyunun 	_	_	_	_	_	_	_	translate=sojunun 
23	en 	_	_	_	_	_	_	_	translate=en 
24	büyük 	_	_	_	_	_	_	_	translate=Byjyk 
25	efsanesi 	_	_	_	_	_	_	_	translate=efsanesi 
26	olarak 	_	_	_	_	_	_	_	translate=olaɾak 
27	kabul 	_	_	_	_	_	_	_	translate=kaBul 
28	edilmiştir 	_	_	_	_	_	_	_	translate=edilmiɾtiɾ 
29	. 	_	_	_	_	_	_	_	translate= 
# sent_id = 15
# text = Nirun boylarından öncelikle Cengiz Han’ın boyu Borciginler ardından Tayciutlar , Barlaslar , Derbenler , Salciutlar ve başka birkaç boy daha sayılabilir . 1140 yılında Moğol kabilelerinden Börçiginlere mensup Kabul , bütün Moğolların ilk lideri olarak “Han” unvanını almıştır .

1	Nirun 	_	_	_	_	_	_	_	translate=Niɾun 
2	boylarından 	_	_	_	_	_	_	_	translate=Bojlaɾɯndan 
3	öncelikle 	_	_	_	_	_	_	_	translate=ønd͡ʒelikle 
4	Cengiz 	_	_	_	_	_	_	_	translate=d͡ʒengiz 
5	Han’ın 	_	_	_	_	_	_	_	translate=Hanɯn 
6	boyu 	_	_	_	_	_	_	_	translate=Boju 
7	Borciginler 	_	_	_	_	_	_	_	translate=oɾd͡ʒiginleɾ 
8	ardından 	_	_	_	_	_	_	_	translate=aɾdɯndan 
9	Tayciutlar 	_	_	_	_	_	_	_	translate=Tajd͡ʒiutlaɾ 
10	, 	_	_	_	_	_	_	_	translate= 
11	Barlaslar 	_	_	_	_	_	_	_	translate=aɾlaslaɾ 
12	, 	_	_	_	_	_	_	_	translate= 
13	Derbenler 	_	_	_	_	_	_	_	translate=DeɾBenleɾ 
14	, 	_	_	_	_	_	_	_	translate= 
15	Salciutlar 	_	_	_	_	_	_	_	translate=Sald͡ʒiutlaɾ 
16	ve 	_	_	_	_	_	_	_	translate=ve 
17	başka 	_	_	_	_	_	_	_	translate=Baɾka 
18	birkaç 	_	_	_	_	_	_	_	translate=Biɾkatʃ͡ 
19	boy 	_	_	_	_	_	_	_	translate=Boj 
20	daha 	_	_	_	_	_	_	_	translate=daha 
21	sayılabilir 	_	_	_	_	_	_	_	translate=sajɯlaBiliɾ 
22	. 	_	_	_	_	_	_	_	translate= 
23	1140 	_	_	_	_	_	_	_	translate= 
24	yılında 	_	_	_	_	_	_	_	translate=jɯlɯnda 
25	Moğol 	_	_	_	_	_	_	_	translate=Moʲol 
26	kabilelerinden 	_	_	_	_	_	_	_	translate=kaBileleɾinden 
27	Börçiginlere 	_	_	_	_	_	_	_	translate=øɾtʃ͡iginleɾe 
28	mensup 	_	_	_	_	_	_	_	translate=mensup 
29	Kabul 	_	_	_	_	_	_	_	translate=KaBul 
30	, 	_	_	_	_	_	_	_	translate= 
31	bütün 	_	_	_	_	_	_	_	translate=Bytyn 
32	Moğolların 	_	_	_	_	_	_	_	translate=Moʲollaɾɯn 
33	ilk 	_	_	_	_	_	_	_	translate=ilk 
34	lideri 	_	_	_	_	_	_	_	translate=lideɾi 
35	olarak 	_	_	_	_	_	_	_	translate=olaɾak 
36	“Han” 	_	_	_	_	_	_	_	translate=Han 
37	unvanını 	_	_	_	_	_	_	_	translate=unvanɯnɯ 
38	almıştır 	_	_	_	_	_	_	_	translate=almɯɾtɯɾ 
39	. 	_	_	_	_	_	_	_	translate= 
# sent_id = 16
# text = Cengiz Han’ın babası Yesügey Bahadır onun torunudur.

1	Cengiz 	_	_	_	_	_	_	_	translate=d͡ʒengiz 
2	Han’ın 	_	_	_	_	_	_	_	translate=Hanɯn 
3	babası 	_	_	_	_	_	_	_	translate=BaBasɯ 
4	Yesügey 	_	_	_	_	_	_	_	translate=jesygej 
5	Bahadır 	_	_	_	_	_	_	_	translate=ahadɯɾ 
6	onun 	_	_	_	_	_	_	_	translate=onun 
7	torunudur. 	_	_	_	_	_	_	_	translate=toɾunuduɾ 
# sent_id = 17
# text = Kabul Han ve onun halefi Ambakay Han zamanında Moğollar , Çin'deki Jin İmparatorluğu ile mücadele edecek kadar kuvvetlenseler de Tatarlar , Çinlleri hoşnut etmek için Ambakay’ı Çin’e teslim ettiler .

1	Kabul 	_	_	_	_	_	_	_	translate=KaBul 
2	Han 	_	_	_	_	_	_	_	translate=Han 
3	ve 	_	_	_	_	_	_	_	translate=ve 
4	onun 	_	_	_	_	_	_	_	translate=onun 
5	halefi 	_	_	_	_	_	_	_	translate=halefi 
6	Ambakay 	_	_	_	_	_	_	_	translate=AmBakaj 
7	Han 	_	_	_	_	_	_	_	translate=Han 
8	zamanında 	_	_	_	_	_	_	_	translate=zamanɯnda 
9	Moğollar 	_	_	_	_	_	_	_	translate=Moʲollaɾ 
10	, 	_	_	_	_	_	_	_	translate= 
11	Çin'deki 	_	_	_	_	_	_	_	translate=tʃ͡indeki 
12	Jin 	_	_	_	_	_	_	_	translate=ʒin 
13	İmparatorluğu 	_	_	_	_	_	_	_	translate=İmpaɾatoɾluʲu 
14	ile 	_	_	_	_	_	_	_	translate=ile 
15	mücadele 	_	_	_	_	_	_	_	translate=myd͡ʒadele 
16	edecek 	_	_	_	_	_	_	_	translate=eded͡ʒek 
17	kadar 	_	_	_	_	_	_	_	translate=kadaɾ 
18	kuvvetlenseler 	_	_	_	_	_	_	_	translate=kuvvetlenseleɾ 
19	de 	_	_	_	_	_	_	_	translate=de 
20	Tatarlar 	_	_	_	_	_	_	_	translate=Tataɾlaɾ 
21	, 	_	_	_	_	_	_	_	translate= 
22	Çinlleri 	_	_	_	_	_	_	_	translate=tʃ͡inlleɾi 
23	hoşnut 	_	_	_	_	_	_	_	translate=hoɾnut 
24	etmek 	_	_	_	_	_	_	_	translate=etmek 
25	için 	_	_	_	_	_	_	_	translate=itʃ͡in 
26	Ambakay’ı 	_	_	_	_	_	_	_	translate=AmBakajɯ 
27	Çin’e 	_	_	_	_	_	_	_	translate=tʃ͡ine 
28	teslim 	_	_	_	_	_	_	_	translate=teslim 
29	ettiler 	_	_	_	_	_	_	_	translate=ettileɾ 
30	. 	_	_	_	_	_	_	_	translate= 
# sent_id = 18
# text = Ambakay hiç alışılmadık bir şekilde , “tahta eşek şekli” denen bir duruma sokularak çarmıha gerilip infaz edildi .

1	Ambakay 	_	_	_	_	_	_	_	translate=AmBakaj 
2	hiç 	_	_	_	_	_	_	_	translate=hitʃ͡ 
3	alışılmadık 	_	_	_	_	_	_	_	translate=alɯɾɯlmadɯk 
4	bir 	_	_	_	_	_	_	_	translate=Biɾ 
5	şekilde 	_	_	_	_	_	_	_	translate=ɾekilde 
6	, 	_	_	_	_	_	_	_	translate= 
7	“tahta 	_	_	_	_	_	_	_	translate=tahta 
8	eşek 	_	_	_	_	_	_	_	translate=eɾek 
9	şekli” 	_	_	_	_	_	_	_	translate=ɾekli 
10	denen 	_	_	_	_	_	_	_	translate=denen 
11	bir 	_	_	_	_	_	_	_	translate=Biɾ 
12	duruma 	_	_	_	_	_	_	_	translate=duɾuma 
13	sokularak 	_	_	_	_	_	_	_	translate=sokulaɾak 
14	çarmıha 	_	_	_	_	_	_	_	translate=tʃ͡aɾmɯha 
15	gerilip 	_	_	_	_	_	_	_	translate=geɾilip 
16	infaz 	_	_	_	_	_	_	_	translate=infaz 
17	edildi 	_	_	_	_	_	_	_	translate=edildi 
18	. 	_	_	_	_	_	_	_	translate= 
# sent_id = 19
# text = Cengiz Han’ın büyük amacası Kutua , bu hakarete Çin üzerine ve Tatarlara bir dizi saldırı düzenleyerek cevap verdi ve bu akınlar sonunda “Moğol Herkülü” unvanını kazandı .

1	Cengiz 	_	_	_	_	_	_	_	translate=d͡ʒengiz 
2	Han’ın 	_	_	_	_	_	_	_	translate=Hanɯn 
3	büyük 	_	_	_	_	_	_	_	translate=Byjyk 
4	amacası 	_	_	_	_	_	_	_	translate=amad͡ʒasɯ 
5	Kutua 	_	_	_	_	_	_	_	translate=Kutua 
6	, 	_	_	_	_	_	_	_	translate= 
7	bu 	_	_	_	_	_	_	_	translate=Bu 
8	hakarete 	_	_	_	_	_	_	_	translate=hakaɾete 
9	Çin 	_	_	_	_	_	_	_	translate=tʃ͡in 
10	üzerine 	_	_	_	_	_	_	_	translate=yzeɾine 
11	ve 	_	_	_	_	_	_	_	translate=ve 
12	Tatarlara 	_	_	_	_	_	_	_	translate=Tataɾlaɾa 
13	bir 	_	_	_	_	_	_	_	translate=Biɾ 
14	dizi 	_	_	_	_	_	_	_	translate=dizi 
15	saldırı 	_	_	_	_	_	_	_	translate=saldɯɾɯ 
16	düzenleyerek 	_	_	_	_	_	_	_	translate=dyzenlejeɾek 
17	cevap 	_	_	_	_	_	_	_	translate=d͡ʒevap 
18	verdi 	_	_	_	_	_	_	_	translate=veɾdi 
19	ve 	_	_	_	_	_	_	_	translate=ve 
20	bu 	_	_	_	_	_	_	_	translate=Bu 
21	akınlar 	_	_	_	_	_	_	_	translate=akɯnlaɾ 
22	sonunda 	_	_	_	_	_	_	_	translate=sonunda 
23	“Moğol 	_	_	_	_	_	_	_	translate=Moʲol 
24	Herkülü” 	_	_	_	_	_	_	_	translate=Heɾkyly 
25	unvanını 	_	_	_	_	_	_	_	translate=unvanɯnɯ 
26	kazandı 	_	_	_	_	_	_	_	translate=kazandɯ 
27	. 	_	_	_	_	_	_	_	translate= 
# sent_id = 20
# text = Fakat , 1160 yılında , detayları bilinmeyen bir dizi olay sonunda , Kuzey Çin’in hakimi Jin Hanedanı , Moğolları hezimete uğrattı .

1	Fakat 	_	_	_	_	_	_	_	translate=Fakat 
2	, 	_	_	_	_	_	_	_	translate= 
3	1160 	_	_	_	_	_	_	_	translate= 
4	yılında 	_	_	_	_	_	_	_	translate=jɯlɯnda 
5	, 	_	_	_	_	_	_	_	translate= 
6	detayları 	_	_	_	_	_	_	_	translate=detajlaɾɯ 
7	bilinmeyen 	_	_	_	_	_	_	_	translate=Bilinmejen 
8	bir 	_	_	_	_	_	_	_	translate=Biɾ 
9	dizi 	_	_	_	_	_	_	_	translate=dizi 
10	olay 	_	_	_	_	_	_	_	translate=olaj 
11	sonunda 	_	_	_	_	_	_	_	translate=sonunda 
12	, 	_	_	_	_	_	_	_	translate= 
13	Kuzey 	_	_	_	_	_	_	_	translate=Kuzej 
14	Çin’in 	_	_	_	_	_	_	_	translate=tʃ͡inin 
15	hakimi 	_	_	_	_	_	_	_	translate=hakimi 
16	Jin 	_	_	_	_	_	_	_	translate=ʒin 
17	Hanedanı 	_	_	_	_	_	_	_	translate=Hanedanɯ 
18	, 	_	_	_	_	_	_	_	translate= 
19	Moğolları 	_	_	_	_	_	_	_	translate=Moʲollaɾɯ 
20	hezimete 	_	_	_	_	_	_	_	translate=hezimete 
21	uğrattı 	_	_	_	_	_	_	_	translate=uʲɾattɯ 
22	. 	_	_	_	_	_	_	_	translate= 
# sent_id = 21
# text = Moğollar bir süre karmaşa içinde dağıldılar .

1	Moğollar 	_	_	_	_	_	_	_	translate=Moʲollaɾ 
2	bir 	_	_	_	_	_	_	_	translate=Biɾ 
3	süre 	_	_	_	_	_	_	_	translate=syɾe 
4	karmaşa 	_	_	_	_	_	_	_	translate=kaɾmaɾa 
5	içinde 	_	_	_	_	_	_	_	translate=itʃ͡inde 
6	dağıldılar 	_	_	_	_	_	_	_	translate=daʲɯldɯlaɾ 
7	. 	_	_	_	_	_	_	_	translate= 
# sent_id = 22
# text = Sefalet içinde yüzen bu karmaşık haldeki Moğollar’ın içerisindeki önemsiz liderlerden biri olan Kabul Han'ın torunu Yesügey Bahadır , ittifaklar kurarak Moğolları güçlendirmeye çalıştı .

1	Sefalet 	_	_	_	_	_	_	_	translate=Sefalet 
2	içinde 	_	_	_	_	_	_	_	translate=itʃ͡inde 
3	yüzen 	_	_	_	_	_	_	_	translate=jyzen 
4	bu 	_	_	_	_	_	_	_	translate=Bu 
5	karmaşık 	_	_	_	_	_	_	_	translate=kaɾmaɾɯk 
6	haldeki 	_	_	_	_	_	_	_	translate=haldeki 
7	Moğollar’ın 	_	_	_	_	_	_	_	translate=Moʲollaɾɯn 
8	içerisindeki 	_	_	_	_	_	_	_	translate=itʃ͡eɾisindeki 
9	önemsiz 	_	_	_	_	_	_	_	translate=ønemsiz 
10	liderlerden 	_	_	_	_	_	_	_	translate=lideɾleɾden 
11	biri 	_	_	_	_	_	_	_	translate=Biɾi 
12	olan 	_	_	_	_	_	_	_	translate=olan 
13	Kabul 	_	_	_	_	_	_	_	translate=KaBul 
14	Han'ın 	_	_	_	_	_	_	_	translate=Hanɯn 
15	torunu 	_	_	_	_	_	_	_	translate=toɾunu 
16	Yesügey 	_	_	_	_	_	_	_	translate=jesygej 
17	Bahadır 	_	_	_	_	_	_	_	translate=ahadɯɾ 
18	, 	_	_	_	_	_	_	_	translate= 
19	ittifaklar 	_	_	_	_	_	_	_	translate=ittifaklaɾ 
20	kurarak 	_	_	_	_	_	_	_	translate=kuɾaɾak 
21	Moğolları 	_	_	_	_	_	_	_	translate=Moʲollaɾɯ 
22	güçlendirmeye 	_	_	_	_	_	_	_	translate=gytʃ͡lendiɾmeje 
23	çalıştı 	_	_	_	_	_	_	_	translate=tʃ͡alɯɾtɯ 
24	. 	_	_	_	_	_	_	_	translate= 
# sent_id = 23
# text = Moğolların batı komşularından biri olan Türk boylarından Keraitler idi .

1	Moğolların 	_	_	_	_	_	_	_	translate=Moʲollaɾɯn 
2	batı 	_	_	_	_	_	_	_	translate=Batɯ 
3	komşularından 	_	_	_	_	_	_	_	translate=komɾulaɾɯndan 
4	biri 	_	_	_	_	_	_	_	translate=Biɾi 
5	olan 	_	_	_	_	_	_	_	translate=olan 
6	Türk 	_	_	_	_	_	_	_	translate=Tyɾk 
7	boylarından 	_	_	_	_	_	_	_	translate=Bojlaɾɯndan 
8	Keraitler 	_	_	_	_	_	_	_	translate=Keɾaitleɾ 
9	idi 	_	_	_	_	_	_	_	translate=idi 
10	. 	_	_	_	_	_	_	_	translate= 
# sent_id = 24
# text = Keraitler 200 yıldan beri Nasturi Hıristiyan’dı .

1	Keraitler 	_	_	_	_	_	_	_	translate=Keɾaitleɾ 
2	200 	_	_	_	_	_	_	_	translate= 
3	yıldan 	_	_	_	_	_	_	_	translate=jɯldan 
4	beri 	_	_	_	_	_	_	_	translate=Beɾi 
5	Nasturi 	_	_	_	_	_	_	_	translate=Nastuɾi 
6	Hıristiyan’dı 	_	_	_	_	_	_	_	translate=Hɯɾistijandɯ 
7	. 	_	_	_	_	_	_	_	translate= 
# sent_id = 25
# text = Hıristiyan Keraitlerin o zamanki lideri Tuğrul idi .

1	Hıristiyan 	_	_	_	_	_	_	_	translate=Hɯɾistijan 
2	Keraitlerin 	_	_	_	_	_	_	_	translate=Keɾaitleɾin 
3	o 	_	_	_	_	_	_	_	translate=o 
4	zamanki 	_	_	_	_	_	_	_	translate=zamanki 
5	lideri 	_	_	_	_	_	_	_	translate=lideɾi 
6	Tuğrul 	_	_	_	_	_	_	_	translate=Tuʲɾul 
7	idi 	_	_	_	_	_	_	_	translate=idi 
8	. 	_	_	_	_	_	_	_	translate= 
# sent_id = 26
# text = Tuğrul , 1160 yılında iç meseleler sonucu tahtını kaybetmişti .

1	Tuğrul 	_	_	_	_	_	_	_	translate=Tuʲɾul 
2	, 	_	_	_	_	_	_	_	translate= 
3	1160 	_	_	_	_	_	_	_	translate= 
4	yılında 	_	_	_	_	_	_	_	translate=jɯlɯnda 
5	iç 	_	_	_	_	_	_	_	translate=itʃ͡ 
6	meseleler 	_	_	_	_	_	_	_	translate=meseleleɾ 
7	sonucu 	_	_	_	_	_	_	_	translate=sonud͡ʒu 
8	tahtını 	_	_	_	_	_	_	_	translate=tahtɯnɯ 
9	kaybetmişti 	_	_	_	_	_	_	_	translate=kajBetmiɾti 
10	. 	_	_	_	_	_	_	_	translate= 
# sent_id = 27
# text = Moğolların lideri Yesügey , Tuğrula kabilesinin önderliğini yeniden ele geçirmesi için yardım etti .

1	Moğolların 	_	_	_	_	_	_	_	translate=Moʲollaɾɯn 
2	lideri 	_	_	_	_	_	_	_	translate=lideɾi 
3	Yesügey 	_	_	_	_	_	_	_	translate=jesygej 
4	, 	_	_	_	_	_	_	_	translate= 
5	Tuğrula 	_	_	_	_	_	_	_	translate=Tuʲɾula 
6	kabilesinin 	_	_	_	_	_	_	_	translate=kaBilesinin 
7	önderliğini 	_	_	_	_	_	_	_	translate=øndeɾliʲini 
8	yeniden 	_	_	_	_	_	_	_	translate=jeniden 
9	ele 	_	_	_	_	_	_	_	translate=ele 
10	geçirmesi 	_	_	_	_	_	_	_	translate=getʃ͡iɾmesi 
11	için 	_	_	_	_	_	_	_	translate=itʃ͡in 
12	yardım 	_	_	_	_	_	_	_	translate=jaɾdɯm 
13	etti 	_	_	_	_	_	_	_	translate=etti 
14	. 	_	_	_	_	_	_	_	translate= 
# sent_id = 28
# text = Tuğrul ve Yesügey anda ile kardeşilik yemini ettikten sonra , daha sonraları Moğolların yeniden ortaya çıkışında olağanüstü önem taşıdığını kanıtlayacak olan bir ittifak kurdular.

1	Tuğrul 	_	_	_	_	_	_	_	translate=Tuʲɾul 
2	ve 	_	_	_	_	_	_	_	translate=ve 
3	Yesügey 	_	_	_	_	_	_	_	translate=jesygej 
4	anda 	_	_	_	_	_	_	_	translate=anda 
5	ile 	_	_	_	_	_	_	_	translate=ile 
6	kardeşilik 	_	_	_	_	_	_	_	translate=kaɾdeɾilik 
7	yemini 	_	_	_	_	_	_	_	translate=jemini 
8	ettikten 	_	_	_	_	_	_	_	translate=ettikten 
9	sonra 	_	_	_	_	_	_	_	translate=sonɾa 
10	, 	_	_	_	_	_	_	_	translate= 
11	daha 	_	_	_	_	_	_	_	translate=daha 
12	sonraları 	_	_	_	_	_	_	_	translate=sonɾalaɾɯ 
13	Moğolların 	_	_	_	_	_	_	_	translate=Moʲollaɾɯn 
14	yeniden 	_	_	_	_	_	_	_	translate=jeniden 
15	ortaya 	_	_	_	_	_	_	_	translate=oɾtaja 
16	çıkışında 	_	_	_	_	_	_	_	translate=tʃ͡ɯkɯɾɯnda 
17	olağanüstü 	_	_	_	_	_	_	_	translate=olaʲanysty 
18	önem 	_	_	_	_	_	_	_	translate=ønem 
19	taşıdığını 	_	_	_	_	_	_	_	translate=taɾɯdɯʲɯnɯ 
20	kanıtlayacak 	_	_	_	_	_	_	_	translate=kanɯtlajad͡ʒak 
21	olan 	_	_	_	_	_	_	_	translate=olan 
22	bir 	_	_	_	_	_	_	_	translate=Biɾ 
23	ittifak 	_	_	_	_	_	_	_	translate=ittifak 
24	kurdular. 	_	_	_	_	_	_	_	translate=kuɾdulaɾ 
# sent_id = 29
# text = Rivayetlere ve efsaneye göre Yesügey Bahadır bir gün Onon nehri kıyılarında şahini ile avlanırken gelinleri taşımak için özel olarak tahsis edilmiş , bir at arabasına rastladı .

1	Rivayetlere 	_	_	_	_	_	_	_	translate=ɾivajetleɾe 
2	ve 	_	_	_	_	_	_	_	translate=ve 
3	efsaneye 	_	_	_	_	_	_	_	translate=efsaneje 
4	göre 	_	_	_	_	_	_	_	translate=gøɾe 
5	Yesügey 	_	_	_	_	_	_	_	translate=jesygej 
6	Bahadır 	_	_	_	_	_	_	_	translate=ahadɯɾ 
7	bir 	_	_	_	_	_	_	_	translate=Biɾ 
8	gün 	_	_	_	_	_	_	_	translate=gyn 
9	Onon 	_	_	_	_	_	_	_	translate=Onon 
10	nehri 	_	_	_	_	_	_	_	translate=nehɾi 
11	kıyılarında 	_	_	_	_	_	_	_	translate=kɯjɯlaɾɯnda 
12	şahini 	_	_	_	_	_	_	_	translate=ɾahini 
13	ile 	_	_	_	_	_	_	_	translate=ile 
14	avlanırken 	_	_	_	_	_	_	_	translate=avlanɯɾken 
15	gelinleri 	_	_	_	_	_	_	_	translate=gelinleɾi 
16	taşımak 	_	_	_	_	_	_	_	translate=taɾɯmak 
17	için 	_	_	_	_	_	_	_	translate=itʃ͡in 
18	özel 	_	_	_	_	_	_	_	translate=øzel 
19	olarak 	_	_	_	_	_	_	_	translate=olaɾak 
20	tahsis 	_	_	_	_	_	_	_	translate=tahsis 
21	edilmiş 	_	_	_	_	_	_	_	translate=edilmiɾ 
22	, 	_	_	_	_	_	_	_	translate= 
23	bir 	_	_	_	_	_	_	_	translate=Biɾ 
24	at 	_	_	_	_	_	_	_	translate=at 
25	arabasına 	_	_	_	_	_	_	_	translate=aɾaBasɯna 
26	rastladı 	_	_	_	_	_	_	_	translate=ɾastladɯ 
27	. 	_	_	_	_	_	_	_	translate= 
# sent_id = 30
# text = Yesügey , arabanda oturan kıza ilk görüşte aşık olmuştu .

1	Yesügey 	_	_	_	_	_	_	_	translate=jesygej 
2	, 	_	_	_	_	_	_	_	translate= 
3	arabanda 	_	_	_	_	_	_	_	translate=aɾaBanda 
4	oturan 	_	_	_	_	_	_	_	translate=otuɾan 
5	kıza 	_	_	_	_	_	_	_	translate=kɯza 
6	ilk 	_	_	_	_	_	_	_	translate=ilk 
7	görüşte 	_	_	_	_	_	_	_	translate=gøɾyɾte 
8	aşık 	_	_	_	_	_	_	_	translate=aɾɯk 
9	olmuştu 	_	_	_	_	_	_	_	translate=olmuɾtu 
10	. 	_	_	_	_	_	_	_	translate= 
# sent_id = 31
# text = Yesügey iki kardeşini yanına alarak ve birlikte ağır ağır giden düğün arabasına yetiştiler . Üç kardeş Onggirat boyunun Olkunat kabilesinden olan Höelin adındaki yeni evli gelini yakaladılar .

1	Yesügey 	_	_	_	_	_	_	_	translate=jesygej 
2	iki 	_	_	_	_	_	_	_	translate=iki 
3	kardeşini 	_	_	_	_	_	_	_	translate=kaɾdeɾini 
4	yanına 	_	_	_	_	_	_	_	translate=janɯna 
5	alarak 	_	_	_	_	_	_	_	translate=alaɾak 
6	ve 	_	_	_	_	_	_	_	translate=ve 
7	birlikte 	_	_	_	_	_	_	_	translate=Biɾlikte 
8	ağır 	_	_	_	_	_	_	_	translate=aʲɯɾ 
9	ağır 	_	_	_	_	_	_	_	translate=aʲɯɾ 
10	giden 	_	_	_	_	_	_	_	translate=giden 
11	düğün 	_	_	_	_	_	_	_	translate=dyʲyn 
12	arabasına 	_	_	_	_	_	_	_	translate=aɾaBasɯna 
13	yetiştiler 	_	_	_	_	_	_	_	translate=jetiɾtileɾ 
14	. 	_	_	_	_	_	_	_	translate= 
15	Üç 	_	_	_	_	_	_	_	translate=ytʃ͡ 
16	kardeş 	_	_	_	_	_	_	_	translate=kaɾdeɾ 
17	Onggirat 	_	_	_	_	_	_	_	translate=Onggiɾat 
18	boyunun 	_	_	_	_	_	_	_	translate=Bojunun 
19	Olkunat 	_	_	_	_	_	_	_	translate=Olkunat 
20	kabilesinden 	_	_	_	_	_	_	_	translate=kaBilesinden 
21	olan 	_	_	_	_	_	_	_	translate=olan 
22	Höelin 	_	_	_	_	_	_	_	translate=Høelin 
23	adındaki 	_	_	_	_	_	_	_	translate=adɯndaki 
24	yeni 	_	_	_	_	_	_	_	translate=jeni 
25	evli 	_	_	_	_	_	_	_	translate=evli 
26	gelini 	_	_	_	_	_	_	_	translate=gelini 
27	yakaladılar 	_	_	_	_	_	_	_	translate=jakaladɯlaɾ 
28	. 	_	_	_	_	_	_	_	translate= 
# sent_id = 32
# text = Höelin başke seçme şansı olmadığı için Yesügey Bahadır’ı yeni kocası olarak kabullendi .

1	Höelin 	_	_	_	_	_	_	_	translate=Høelin 
2	başke 	_	_	_	_	_	_	_	translate=Baɾke 
3	seçme 	_	_	_	_	_	_	_	translate=setʃ͡me 
4	şansı 	_	_	_	_	_	_	_	translate=ɾansɯ 
5	olmadığı 	_	_	_	_	_	_	_	translate=olmadɯʲɯ 
6	için 	_	_	_	_	_	_	_	translate=itʃ͡in 
7	Yesügey 	_	_	_	_	_	_	_	translate=jesygej 
8	Bahadır’ı 	_	_	_	_	_	_	_	translate=ahadɯɾɯ 
9	yeni 	_	_	_	_	_	_	_	translate=jeni 
10	kocası 	_	_	_	_	_	_	_	translate=kod͡ʒasɯ 
11	olarak 	_	_	_	_	_	_	_	translate=olaɾak 
12	kabullendi 	_	_	_	_	_	_	_	translate=kaBullendi 
13	. 	_	_	_	_	_	_	_	translate= 
# sent_id = 33
# text = Yesügey onunla , doğurduğu oğlan bir kahraman olacak diyerek evlenmişti.

1	Yesügey 	_	_	_	_	_	_	_	translate=jesygej 
2	onunla 	_	_	_	_	_	_	_	translate=onunla 
3	, 	_	_	_	_	_	_	_	translate= 
4	doğurduğu 	_	_	_	_	_	_	_	translate=doʲuɾduʲu 
5	oğlan 	_	_	_	_	_	_	_	translate=oʲlan 
6	bir 	_	_	_	_	_	_	_	translate=Biɾ 
7	kahraman 	_	_	_	_	_	_	_	translate=kahɾaman 
8	olacak 	_	_	_	_	_	_	_	translate=olad͡ʒak 
9	diyerek 	_	_	_	_	_	_	_	translate=dijeɾek 
10	evlenmişti. 	_	_	_	_	_	_	_	translate=evlenmiɾti 
# sent_id = 34
# text = Doğumu.

1	Doğumu. 	_	_	_	_	_	_	_	translate=Doʲumu 
# sent_id = 35
# text = Evlilikten bir süre sonra Yesügey , Tatarlar üzerine yaptığı bir akından geri döndüğünde , Höelin kocasını hamile olduğu haberiyle karşıladı .

1	Evlilikten 	_	_	_	_	_	_	_	translate=Evlilikten 
2	bir 	_	_	_	_	_	_	_	translate=Biɾ 
3	süre 	_	_	_	_	_	_	_	translate=syɾe 
4	sonra 	_	_	_	_	_	_	_	translate=sonɾa 
5	Yesügey 	_	_	_	_	_	_	_	translate=jesygej 
6	, 	_	_	_	_	_	_	_	translate= 
7	Tatarlar 	_	_	_	_	_	_	_	translate=Tataɾlaɾ 
8	üzerine 	_	_	_	_	_	_	_	translate=yzeɾine 
9	yaptığı 	_	_	_	_	_	_	_	translate=japtɯʲɯ 
10	bir 	_	_	_	_	_	_	_	translate=Biɾ 
11	akından 	_	_	_	_	_	_	_	translate=akɯndan 
12	geri 	_	_	_	_	_	_	_	translate=geɾi 
13	döndüğünde 	_	_	_	_	_	_	_	translate=døndyʲynde 
14	, 	_	_	_	_	_	_	_	translate= 
15	Höelin 	_	_	_	_	_	_	_	translate=Høelin 
16	kocasını 	_	_	_	_	_	_	_	translate=kod͡ʒasɯnɯ 
17	hamile 	_	_	_	_	_	_	_	translate=hamile 
18	olduğu 	_	_	_	_	_	_	_	translate=olduʲu 
19	haberiyle 	_	_	_	_	_	_	_	translate=haBeɾijle 
20	karşıladı 	_	_	_	_	_	_	_	translate=kaɾɾɯladɯ 
21	. 	_	_	_	_	_	_	_	translate= 
# sent_id = 36
# text = Kaynaklarda bebeğin doğumu sırasında Höelin’in kapısına bir yay ve ok asılarak şeytanın girmesinin engellendiği ancak yakın akrabalar ve bir kadın Şamanın ebe olarak görev yaptığı ileri sürülmektedir . Şaman , bebeği çok yakından inceleyerek , geleceği hakkında kehanette bulunabilecek bir işaret arayacaktı .

1	Kaynaklarda 	_	_	_	_	_	_	_	translate=Kajnaklaɾda 
2	bebeğin 	_	_	_	_	_	_	_	translate=BeBeʲin 
3	doğumu 	_	_	_	_	_	_	_	translate=doʲumu 
4	sırasında 	_	_	_	_	_	_	_	translate=sɯɾasɯnda 
5	Höelin’in 	_	_	_	_	_	_	_	translate=Høelinin 
6	kapısına 	_	_	_	_	_	_	_	translate=kapɯsɯna 
7	bir 	_	_	_	_	_	_	_	translate=Biɾ 
8	yay 	_	_	_	_	_	_	_	translate=jaj 
9	ve 	_	_	_	_	_	_	_	translate=ve 
10	ok 	_	_	_	_	_	_	_	translate=ok 
11	asılarak 	_	_	_	_	_	_	_	translate=asɯlaɾak 
12	şeytanın 	_	_	_	_	_	_	_	translate=ɾejtanɯn 
13	girmesinin 	_	_	_	_	_	_	_	translate=giɾmesinin 
14	engellendiği 	_	_	_	_	_	_	_	translate=engellendiʲi 
15	ancak 	_	_	_	_	_	_	_	translate=and͡ʒak 
16	yakın 	_	_	_	_	_	_	_	translate=jakɯn 
17	akrabalar 	_	_	_	_	_	_	_	translate=akɾaBalaɾ 
18	ve 	_	_	_	_	_	_	_	translate=ve 
19	bir 	_	_	_	_	_	_	_	translate=Biɾ 
20	kadın 	_	_	_	_	_	_	_	translate=kadɯn 
21	Şamanın 	_	_	_	_	_	_	_	translate=ɾamanɯn 
22	ebe 	_	_	_	_	_	_	_	translate=eBe 
23	olarak 	_	_	_	_	_	_	_	translate=olaɾak 
24	görev 	_	_	_	_	_	_	_	translate=gøɾev 
25	yaptığı 	_	_	_	_	_	_	_	translate=japtɯʲɯ 
26	ileri 	_	_	_	_	_	_	_	translate=ileɾi 
27	sürülmektedir 	_	_	_	_	_	_	_	translate=syɾylmektediɾ 
28	. 	_	_	_	_	_	_	_	translate= 
29	Şaman 	_	_	_	_	_	_	_	translate=ɾaman 
30	, 	_	_	_	_	_	_	_	translate= 
31	bebeği 	_	_	_	_	_	_	_	translate=BeBeʲi 
32	çok 	_	_	_	_	_	_	_	translate=tʃ͡ok 
33	yakından 	_	_	_	_	_	_	_	translate=jakɯndan 
34	inceleyerek 	_	_	_	_	_	_	_	translate=ind͡ʒelejeɾek 
35	, 	_	_	_	_	_	_	_	translate= 
36	geleceği 	_	_	_	_	_	_	_	translate=geled͡ʒeʲi 
37	hakkında 	_	_	_	_	_	_	_	translate=hakkɯnda 
38	kehanette 	_	_	_	_	_	_	_	translate=kehanette 
39	bulunabilecek 	_	_	_	_	_	_	_	translate=BulunaBiled͡ʒek 
40	bir 	_	_	_	_	_	_	_	translate=Biɾ 
41	işaret 	_	_	_	_	_	_	_	translate=iɾaɾet 
42	arayacaktı 	_	_	_	_	_	_	_	translate=aɾajad͡ʒaktɯ 
43	. 	_	_	_	_	_	_	_	translate= 
# sent_id = 37
# text = Efsaneye göre sağ avucunun içinde sonraları gayet doğal olarak , gücün ve çok kan dökeceğinin simgesi olarak nitelendirilecek aşık kemiği şeklinde bir kan pıhtısı ile doğdu .

1	Efsaneye 	_	_	_	_	_	_	_	translate=Efsaneje 
2	göre 	_	_	_	_	_	_	_	translate=gøɾe 
3	sağ 	_	_	_	_	_	_	_	translate=saʲ 
4	avucunun 	_	_	_	_	_	_	_	translate=avud͡ʒunun 
5	içinde 	_	_	_	_	_	_	_	translate=itʃ͡inde 
6	sonraları 	_	_	_	_	_	_	_	translate=sonɾalaɾɯ 
7	gayet 	_	_	_	_	_	_	_	translate=gajet 
8	doğal 	_	_	_	_	_	_	_	translate=doʲal 
9	olarak 	_	_	_	_	_	_	_	translate=olaɾak 
10	, 	_	_	_	_	_	_	_	translate= 
11	gücün 	_	_	_	_	_	_	_	translate=gyd͡ʒyn 
12	ve 	_	_	_	_	_	_	_	translate=ve 
13	çok 	_	_	_	_	_	_	_	translate=tʃ͡ok 
14	kan 	_	_	_	_	_	_	_	translate=kan 
15	dökeceğinin 	_	_	_	_	_	_	_	translate=døked͡ʒeʲinin 
16	simgesi 	_	_	_	_	_	_	_	translate=simgesi 
17	olarak 	_	_	_	_	_	_	_	translate=olaɾak 
18	nitelendirilecek 	_	_	_	_	_	_	_	translate=nitelendiɾiled͡ʒek 
19	aşık 	_	_	_	_	_	_	_	translate=aɾɯk 
20	kemiği 	_	_	_	_	_	_	_	translate=kemiʲi 
21	şeklinde 	_	_	_	_	_	_	_	translate=ɾeklinde 
22	bir 	_	_	_	_	_	_	_	translate=Biɾ 
23	kan 	_	_	_	_	_	_	_	translate=kan 
24	pıhtısı 	_	_	_	_	_	_	_	translate=pɯhtɯsɯ 
25	ile 	_	_	_	_	_	_	_	translate=ile 
26	doğdu 	_	_	_	_	_	_	_	translate=doʲdu 
27	. 	_	_	_	_	_	_	_	translate= 
# sent_id = 38
# text = Yegüsey Bahadır düşman olduğu Tatar kabilelerinden birinin reisi olan Temuçin adlı bir kişiyi esir almıştı . İşte bu esir ve hadise üzerine Yegüsey Bahadır oğluna Temuçin adını verdi .

1	Yegüsey 	_	_	_	_	_	_	_	translate=jegysej 
2	Bahadır 	_	_	_	_	_	_	_	translate=ahadɯɾ 
3	düşman 	_	_	_	_	_	_	_	translate=dyɾman 
4	olduğu 	_	_	_	_	_	_	_	translate=olduʲu 
5	Tatar 	_	_	_	_	_	_	_	translate=Tataɾ 
6	kabilelerinden 	_	_	_	_	_	_	_	translate=kaBileleɾinden 
7	birinin 	_	_	_	_	_	_	_	translate=Biɾinin 
8	reisi 	_	_	_	_	_	_	_	translate=ɾeisi 
9	olan 	_	_	_	_	_	_	_	translate=olan 
10	Temuçin 	_	_	_	_	_	_	_	translate=Temutʃ͡in 
11	adlı 	_	_	_	_	_	_	_	translate=adlɯ 
12	bir 	_	_	_	_	_	_	_	translate=Biɾ 
13	kişiyi 	_	_	_	_	_	_	_	translate=kiɾiji 
14	esir 	_	_	_	_	_	_	_	translate=esiɾ 
15	almıştı 	_	_	_	_	_	_	_	translate=almɯɾtɯ 
16	. 	_	_	_	_	_	_	_	translate= 
17	İşte 	_	_	_	_	_	_	_	translate=İɾte 
18	bu 	_	_	_	_	_	_	_	translate=Bu 
19	esir 	_	_	_	_	_	_	_	translate=esiɾ 
20	ve 	_	_	_	_	_	_	_	translate=ve 
21	hadise 	_	_	_	_	_	_	_	translate=hadise 
22	üzerine 	_	_	_	_	_	_	_	translate=yzeɾine 
23	Yegüsey 	_	_	_	_	_	_	_	translate=jegysej 
24	Bahadır 	_	_	_	_	_	_	_	translate=ahadɯɾ 
25	oğluna 	_	_	_	_	_	_	_	translate=oʲluna 
26	Temuçin 	_	_	_	_	_	_	_	translate=Temutʃ͡in 
27	adını 	_	_	_	_	_	_	_	translate=adɯnɯ 
28	verdi 	_	_	_	_	_	_	_	translate=veɾdi 
29	. 	_	_	_	_	_	_	_	translate= 
# sent_id = 39
# text = Temuçin , katı , sağlam , sert , dayanıklı ve demir gibi anlamlarına gelmektedir.

1	Temuçin 	_	_	_	_	_	_	_	translate=Temutʃ͡in 
2	, 	_	_	_	_	_	_	_	translate= 
3	katı 	_	_	_	_	_	_	_	translate=katɯ 
4	, 	_	_	_	_	_	_	_	translate= 
5	sağlam 	_	_	_	_	_	_	_	translate=saʲlam 
6	, 	_	_	_	_	_	_	_	translate= 
7	sert 	_	_	_	_	_	_	_	translate=seɾt 
8	, 	_	_	_	_	_	_	_	translate= 
9	dayanıklı 	_	_	_	_	_	_	_	translate=dajanɯklɯ 
10	ve 	_	_	_	_	_	_	_	translate=ve 
11	demir 	_	_	_	_	_	_	_	translate=demiɾ 
12	gibi 	_	_	_	_	_	_	_	translate=giBi 
13	anlamlarına 	_	_	_	_	_	_	_	translate=anlamlaɾɯna 
14	gelmektedir. 	_	_	_	_	_	_	_	translate=gelmektediɾ 
# sent_id = 40
# text = Arap ve İranlı tarihçilere göre Temuçin'in doğum tarihi 26 Ocak 1155'tir .

1	Arap 	_	_	_	_	_	_	_	translate=Aɾap 
2	ve 	_	_	_	_	_	_	_	translate=ve 
3	İranlı 	_	_	_	_	_	_	_	translate=İɾanlɯ 
4	tarihçilere 	_	_	_	_	_	_	_	translate=taɾihtʃ͡ileɾe 
5	göre 	_	_	_	_	_	_	_	translate=gøɾe 
6	Temuçin'in 	_	_	_	_	_	_	_	translate=Temutʃ͡inin 
7	doğum 	_	_	_	_	_	_	_	translate=doʲum 
8	tarihi 	_	_	_	_	_	_	_	translate=taɾihi 
9	26 	_	_	_	_	_	_	_	translate= 
10	Ocak 	_	_	_	_	_	_	_	translate=Od͡ʒak 
11	1155'tir 	_	_	_	_	_	_	_	translate=tiɾ 
12	. 	_	_	_	_	_	_	_	translate= 
# sent_id = 41
# text = Ancak Çin kaynaklarınca Temuçin , 12 Hayvanlı Türk takvimine göre domuz yılının başında dünyaya gelmiştir .

1	Ancak 	_	_	_	_	_	_	_	translate=And͡ʒak 
2	Çin 	_	_	_	_	_	_	_	translate=tʃ͡in 
3	kaynaklarınca 	_	_	_	_	_	_	_	translate=kajnaklaɾɯnd͡ʒa 
4	Temuçin 	_	_	_	_	_	_	_	translate=Temutʃ͡in 
5	, 	_	_	_	_	_	_	_	translate= 
6	12 	_	_	_	_	_	_	_	translate= 
7	Hayvanlı 	_	_	_	_	_	_	_	translate=Hajvanlɯ 
8	Türk 	_	_	_	_	_	_	_	translate=Tyɾk 
9	takvimine 	_	_	_	_	_	_	_	translate=takvimine 
10	göre 	_	_	_	_	_	_	_	translate=gøɾe 
11	domuz 	_	_	_	_	_	_	_	translate=domuz 
12	yılının 	_	_	_	_	_	_	_	translate=jɯlɯnɯn 
13	başında 	_	_	_	_	_	_	_	translate=Baɾɯnda 
14	dünyaya 	_	_	_	_	_	_	_	translate=dynjaja 
15	gelmiştir 	_	_	_	_	_	_	_	translate=gelmiɾtiɾ 
16	. 	_	_	_	_	_	_	_	translate= 
# sent_id = 42
# text = Bu hesapla 12 Hayvanlı Türk Takviminde 1 yıl 12 yılı kapsadığı için 1155 ile 1167 arasında sonu 2 ile biten bütün senelerden yola çıkarak doğum tarihinin 1162 olabileceği kabul edilmektedir .

1	Bu 	_	_	_	_	_	_	_	translate=u 
2	hesapla 	_	_	_	_	_	_	_	translate=hesapla 
3	12 	_	_	_	_	_	_	_	translate= 
4	Hayvanlı 	_	_	_	_	_	_	_	translate=Hajvanlɯ 
5	Türk 	_	_	_	_	_	_	_	translate=Tyɾk 
6	Takviminde 	_	_	_	_	_	_	_	translate=Takviminde 
7	1 	_	_	_	_	_	_	_	translate= 
8	yıl 	_	_	_	_	_	_	_	translate=jɯl 
9	12 	_	_	_	_	_	_	_	translate= 
10	yılı 	_	_	_	_	_	_	_	translate=jɯlɯ 
11	kapsadığı 	_	_	_	_	_	_	_	translate=kapsadɯʲɯ 
12	için 	_	_	_	_	_	_	_	translate=itʃ͡in 
13	1155 	_	_	_	_	_	_	_	translate= 
14	ile 	_	_	_	_	_	_	_	translate=ile 
15	1167 	_	_	_	_	_	_	_	translate= 
16	arasında 	_	_	_	_	_	_	_	translate=aɾasɯnda 
17	sonu 	_	_	_	_	_	_	_	translate=sonu 
18	2 	_	_	_	_	_	_	_	translate= 
19	ile 	_	_	_	_	_	_	_	translate=ile 
20	biten 	_	_	_	_	_	_	_	translate=Biten 
21	bütün 	_	_	_	_	_	_	_	translate=Bytyn 
22	senelerden 	_	_	_	_	_	_	_	translate=seneleɾden 
23	yola 	_	_	_	_	_	_	_	translate=jola 
24	çıkarak 	_	_	_	_	_	_	_	translate=tʃ͡ɯkaɾak 
25	doğum 	_	_	_	_	_	_	_	translate=doʲum 
26	tarihinin 	_	_	_	_	_	_	_	translate=taɾihinin 
27	1162 	_	_	_	_	_	_	_	translate= 
28	olabileceği 	_	_	_	_	_	_	_	translate=olaBiled͡ʒeʲi 
29	kabul 	_	_	_	_	_	_	_	translate=kaBul 
30	edilmektedir 	_	_	_	_	_	_	_	translate=edilmektediɾ 
31	. 	_	_	_	_	_	_	_	translate= 
# sent_id = 43
# text = Uzmanlar Temuçin’in doğum tarihini nasıl kanıtlamaya çalışıyorlarsa doğum yerinin de kesin olarak nerede olduğunu tartışmaktalar .

1	Uzmanlar 	_	_	_	_	_	_	_	translate=Uzmanlaɾ 
2	Temuçin’in 	_	_	_	_	_	_	_	translate=Temutʃ͡inin 
3	doğum 	_	_	_	_	_	_	_	translate=doʲum 
4	tarihini 	_	_	_	_	_	_	_	translate=taɾihini 
5	nasıl 	_	_	_	_	_	_	_	translate=nasɯl 
6	kanıtlamaya 	_	_	_	_	_	_	_	translate=kanɯtlamaja 
7	çalışıyorlarsa 	_	_	_	_	_	_	_	translate=tʃ͡alɯɾɯjoɾlaɾsa 
8	doğum 	_	_	_	_	_	_	_	translate=doʲum 
9	yerinin 	_	_	_	_	_	_	_	translate=jeɾinin 
10	de 	_	_	_	_	_	_	_	translate=de 
11	kesin 	_	_	_	_	_	_	_	translate=kesin 
12	olarak 	_	_	_	_	_	_	_	translate=olaɾak 
13	nerede 	_	_	_	_	_	_	_	translate=neɾede 
14	olduğunu 	_	_	_	_	_	_	_	translate=olduʲunu 
15	tartışmaktalar 	_	_	_	_	_	_	_	translate=taɾtɯɾmaktalaɾ 
16	. 	_	_	_	_	_	_	_	translate= 
# sent_id = 44
# text = Cengiz Han zamanından günümüze kalan tek kaynak olan “Moğolların Gizli Tarihi” adlı eserde bu yerin Onon yakınlarında Dülün-Boldak adıyla bilinen bölge olduğu yazmaktadır .

1	Cengiz 	_	_	_	_	_	_	_	translate=d͡ʒengiz 
2	Han 	_	_	_	_	_	_	_	translate=Han 
3	zamanından 	_	_	_	_	_	_	_	translate=zamanɯndan 
4	günümüze 	_	_	_	_	_	_	_	translate=gynymyze 
5	kalan 	_	_	_	_	_	_	_	translate=kalan 
6	tek 	_	_	_	_	_	_	_	translate=tek 
7	kaynak 	_	_	_	_	_	_	_	translate=kajnak 
8	olan 	_	_	_	_	_	_	_	translate=olan 
9	“Moğolların 	_	_	_	_	_	_	_	translate=Moʲollaɾɯn 
10	Gizli 	_	_	_	_	_	_	_	translate=Gizli 
11	Tarihi” 	_	_	_	_	_	_	_	translate=Taɾihi 
12	adlı 	_	_	_	_	_	_	_	translate=adlɯ 
13	eserde 	_	_	_	_	_	_	_	translate=eseɾde 
14	bu 	_	_	_	_	_	_	_	translate=Bu 
15	yerin 	_	_	_	_	_	_	_	translate=jeɾin 
16	Onon 	_	_	_	_	_	_	_	translate=Onon 
17	yakınlarında 	_	_	_	_	_	_	_	translate=jakɯnlaɾɯnda 
18	Dülün-Boldak 	_	_	_	_	_	_	_	translate=Dylynoldak 
19	adıyla 	_	_	_	_	_	_	_	translate=adɯjla 
20	bilinen 	_	_	_	_	_	_	_	translate=Bilinen 
21	bölge 	_	_	_	_	_	_	_	translate=Bølge 
22	olduğu 	_	_	_	_	_	_	_	translate=olduʲu 
23	yazmaktadır 	_	_	_	_	_	_	_	translate=jazmaktadɯɾ 
24	. 	_	_	_	_	_	_	_	translate= 
# sent_id = 45
# text = Bu adın anlamı “Dalak Tepeciği” dir.
Çocukluk ve gençlik yıllarında verdiği hayatta kalma mücadelesi.


1	Bu 	_	_	_	_	_	_	_	translate=u 
2	adın 	_	_	_	_	_	_	_	translate=adɯn 
3	anlamı 	_	_	_	_	_	_	_	translate=anlamɯ 
4	“Dalak 	_	_	_	_	_	_	_	translate=Dalak 
5	Tepeciği” 	_	_	_	_	_	_	_	translate=Teped͡ʒiʲi 
6	dir.
Çocukluk 	_	_	_	_	_	_	_	translate=diɾtʃ͡od͡ʒukluk 
7	ve 	_	_	_	_	_	_	_	translate=ve 
8	gençlik 	_	_	_	_	_	_	_	translate=gentʃ͡lik 
9	yıllarında 	_	_	_	_	_	_	_	translate=jɯllaɾɯnda 
10	verdiği 	_	_	_	_	_	_	_	translate=veɾdiʲi 
11	hayatta 	_	_	_	_	_	_	_	translate=hajatta 
12	kalma 	_	_	_	_	_	_	_	translate=kalma 
13	mücadelesi.
 	_	_	_	_	_	_	_	translate=myd͡ʒadelesi 
